<?xml version="1.0" encoding="UTF-8"?>
<testng-results skipped="1" failed="0" total="1" passed="0">
  <reporter-output>
  </reporter-output>
  <suite name="Suite" duration-ms="35" started-at="2018-02-08T18:22:33Z" finished-at="2018-02-08T18:22:33Z">
    <groups>
    </groups>
    <test name="Test" duration-ms="35" started-at="2018-02-08T18:22:33Z" finished-at="2018-02-08T18:22:33Z">
      <class name="applicationTestCases.LoginCRM">
        <test-method status="FAIL" signature="setupreport()[pri:0, instance:applicationTestCases.LoginCRM@5622fdf]" name="setupreport" is-config="true" duration-ms="0" started-at="2018-02-08T23:52:33Z" finished-at="2018-02-08T23:52:33Z">
          <exception class="java.lang.NullPointerException">
            <full-stacktrace>
              <![CDATA[java.lang.NullPointerException
	at java.io.File.<init>(File.java:277)
	at com.relevantcodes.extentreports.Report.setFilePath(Report.java:527)
	at com.relevantcodes.extentreports.ExtentReports.<init>(ExtentReports.java:80)
	at com.relevantcodes.extentreports.ExtentReports.<init>(ExtentReports.java:420)
	at helper.BaseClass.setupreport(BaseClass.java:32)
	at sun.reflect.NativeMethodAccessorImpl.invoke0(Native Method)
	at sun.reflect.NativeMethodAccessorImpl.invoke(NativeMethodAccessorImpl.java:62)
	at sun.reflect.DelegatingMethodAccessorImpl.invoke(DelegatingMethodAccessorImpl.java:43)
	at java.lang.reflect.Method.invoke(Method.java:498)
	at org.testng.internal.MethodInvocationHelper.invokeMethod(MethodInvocationHelper.java:86)
	at org.testng.internal.Invoker.invokeConfigurationMethod(Invoker.java:514)
	at org.testng.internal.Invoker.invokeConfigurations(Invoker.java:215)
	at org.testng.internal.Invoker.invokeConfigurations(Invoker.java:142)
	at org.testng.SuiteRunner.privateRun(SuiteRunner.java:305)
	at org.testng.SuiteRunner.run(SuiteRunner.java:268)
	at org.testng.SuiteRunnerWorker.runSuite(SuiteRunnerWorker.java:52)
	at org.testng.SuiteRunnerWorker.run(SuiteRunnerWorker.java:86)
	at org.testng.TestNG.runSuitesSequentially(TestNG.java:1244)
	at org.testng.TestNG.runSuitesLocally(TestNG.java:1169)
	at org.testng.TestNG.run(TestNG.java:1064)
	at org.testng.remote.AbstractRemoteTestNG.run(AbstractRemoteTestNG.java:114)
	at org.testng.remote.RemoteTestNG.initAndRun(RemoteTestNG.java:251)
	at org.testng.remote.RemoteTestNG.main(RemoteTestNG.java:77)
]]>
            </full-stacktrace>
          </exception> <!-- java.lang.NullPointerException -->
          <reporter-output>
          </reporter-output>
        </test-method> <!-- setupreport -->
        <test-method status="SKIP" signature="startSession(java.lang.String)[pri:0, instance:applicationTestCases.LoginCRM@5622fdf]" name="startSession" is-config="true" duration-ms="0" started-at="2018-02-08T23:52:33Z" finished-at="2018-02-08T23:52:33Z">
          <reporter-output>
          </reporter-output>
        </test-method> <!-- startSession -->
        <test-method status="SKIP" signature="loginAdmin()[pri:0, instance:applicationTestCases.LoginCRM@5622fdf]" name="loginAdmin" duration-ms="3" started-at="2018-02-08T23:52:33Z" finished-at="2018-02-08T23:52:33Z">
          <reporter-output>
          </reporter-output>
        </test-method> <!-- loginAdmin -->
        <test-method status="SKIP" signature="tearDown(org.testng.ITestResult)[pri:0, instance:applicationTestCases.LoginCRM@5622fdf]" name="tearDown" is-config="true" duration-ms="0" started-at="2018-02-08T23:52:33Z" finished-at="2018-02-08T23:52:33Z">
          <reporter-output>
          </reporter-output>
        </test-method> <!-- tearDown -->
        <test-method status="SKIP" signature="terminateSession()[pri:0, instance:applicationTestCases.LoginCRM@5622fdf]" name="terminateSession" is-config="true" duration-ms="0" started-at="2018-02-08T23:52:33Z" finished-at="2018-02-08T23:52:33Z">
          <reporter-output>
          </reporter-output>
        </test-method> <!-- terminateSession -->
        <test-method status="SKIP" signature="tearDownReport()[pri:0, instance:applicationTestCases.LoginCRM@5622fdf]" name="tearDownReport" is-config="true" duration-ms="0" started-at="2018-02-08T23:52:33Z" finished-at="2018-02-08T23:52:33Z">
          <reporter-output>
          </reporter-output>
        </test-method> <!-- tearDownReport -->
      </class> <!-- applicationTestCases.LoginCRM -->
    </test> <!-- Test -->
  </suite> <!-- Suite -->
</testng-results>
