<?xml version="1.0" encoding="UTF-8"?>
<!-- Generated by org.testng.reporters.JUnitXMLReporter -->
<testsuite hostname="admin-PC" name="Test" tests="1" failures="0" timestamp="5 Feb 2018 02:27:22 GMT" time="0.033" errors="0">
  <testcase name="@BeforeClass startSession" time="0.0" classname="applicationTestCases.LoginCRM">
    <skipped/>
  </testcase> <!-- @BeforeClass startSession -->
  <testcase name="@AfterClass terminateSession" time="0.0" classname="applicationTestCases.LoginCRM">
    <skipped/>
  </testcase> <!-- @AfterClass terminateSession -->
  <testcase name="loginAdmin" time="0.005" classname="applicationTestCases.LoginCRM">
    <skipped/>
  </testcase> <!-- loginAdmin -->
</testsuite> <!-- Test -->
