<?xml version="1.0" encoding="UTF-8"?>
<!-- Generated by org.testng.reporters.JUnitXMLReporter -->
<testsuite hostname="admin-PC" name="Test(failed)" tests="1" failures="0" timestamp="5 Feb 2018 02:27:22 GMT" time="0.01" errors="0">
  <testcase name="@BeforeSuite setupreport" time="0.0" classname="applicationTestCases.LoginCRM">
    <failure type="java.lang.NullPointerException">
      <![CDATA[java.lang.NullPointerException
	at java.io.File.<init>(File.java:277)
	at com.relevantcodes.extentreports.Report.setFilePath(Report.java:527)
	at com.relevantcodes.extentreports.ExtentReports.<init>(ExtentReports.java:80)
	at com.relevantcodes.extentreports.ExtentReports.<init>(ExtentReports.java:420)
	at helper.BaseClass.setupreport(BaseClass.java:28)
... Removed 18 stack frames]]>
    </failure>
  </testcase> <!-- @BeforeSuite setupreport -->
  <testcase name="@BeforeClass startSession" time="0.0" classname="applicationTestCases.LoginCRM">
    <skipped/>
  </testcase> <!-- @BeforeClass startSession -->
  <testcase name="@AfterClass terminateSession" time="0.0" classname="applicationTestCases.LoginCRM">
    <skipped/>
  </testcase> <!-- @AfterClass terminateSession -->
  <testcase name="loginAdmin" time="0.003" classname="applicationTestCases.LoginCRM">
    <skipped/>
  </testcase> <!-- loginAdmin -->
</testsuite> <!-- Test(failed) -->
